c:\users\tharun\documents\visual studio 2013\projects\assignment_3\assignment_3\debug\vc120.pdb
c:\users\tharun\documents\visual studio 2013\projects\assignment_3\assignment_3\debug\vc120.idb
c:\users\tharun\documents\visual studio 2013\projects\assignment_3\assignment_3\debug\scanconvert.obj
c:\users\tharun\documents\visual studio 2013\projects\assignment_3\assignment_3\debug\clip.obj
c:\users\tharun\documents\visual studio 2013\projects\assignment_3\debug\assignment_3.pdb
c:\users\tharun\documents\visual studio 2013\projects\assignment_3\assignment_3\debug\assignment_3.tlog\cl.command.1.tlog
c:\users\tharun\documents\visual studio 2013\projects\assignment_3\assignment_3\debug\assignment_3.tlog\cl.read.1.tlog
c:\users\tharun\documents\visual studio 2013\projects\assignment_3\assignment_3\debug\assignment_3.tlog\cl.write.1.tlog
c:\users\tharun\documents\visual studio 2013\projects\assignment_3\assignment_3\debug\assignment_3.tlog\link-cvtres.read.1.tlog
c:\users\tharun\documents\visual studio 2013\projects\assignment_3\assignment_3\debug\assignment_3.tlog\link-cvtres.write.1.tlog
c:\users\tharun\documents\visual studio 2013\projects\assignment_3\assignment_3\debug\assignment_3.tlog\link-rc.read.1.tlog
c:\users\tharun\documents\visual studio 2013\projects\assignment_3\assignment_3\debug\assignment_3.tlog\link-rc.write.1.tlog
c:\users\tharun\documents\visual studio 2013\projects\assignment_3\assignment_3\debug\assignment_3.tlog\link.812-cvtres.read.1.tlog
c:\users\tharun\documents\visual studio 2013\projects\assignment_3\assignment_3\debug\assignment_3.tlog\link.812-cvtres.write.1.tlog
c:\users\tharun\documents\visual studio 2013\projects\assignment_3\assignment_3\debug\assignment_3.tlog\link.812-rc.read.1.tlog
c:\users\tharun\documents\visual studio 2013\projects\assignment_3\assignment_3\debug\assignment_3.tlog\link.812-rc.write.1.tlog
c:\users\tharun\documents\visual studio 2013\projects\assignment_3\assignment_3\debug\assignment_3.tlog\link.812.read.1.tlog
c:\users\tharun\documents\visual studio 2013\projects\assignment_3\assignment_3\debug\assignment_3.tlog\link.812.write.1.tlog
c:\users\tharun\documents\visual studio 2013\projects\assignment_3\assignment_3\debug\assignment_3.tlog\link.command.1.tlog
c:\users\tharun\documents\visual studio 2013\projects\assignment_3\assignment_3\debug\assignment_3.tlog\link.read.1.tlog
c:\users\tharun\documents\visual studio 2013\projects\assignment_3\assignment_3\debug\assignment_3.tlog\link.write.1.tlog
