Build started 3/22/2015 11:44:52 PM.
     1>Project "C:\Users\Tharun\Documents\Visual Studio 2013\Projects\Assignment_4\Assignment_4\Assignment_4.vcxproj" on node 2 (Build target(s)).
     1>ClCompile:
         C:\Program Files (x86)\Microsoft Visual Studio 12.0\VC\bin\CL.exe /c /Zi /nologo /W3 /WX- /sdl /O2 /Oi /Oy- /GL /D WIN32 /D NDEBUG /D _CONSOLE /D _LIB /D _UNICODE /D UNICODE /Gm- /EHsc /MD /GS /Gy /fp:precise /Zc:wchar_t /Zc:forScope /Fo"Release\\" /Fd"Release\vc120.pdb" /Gd /TP /analyze- /errorReport:prompt Source.cpp
         Source.cpp
     1>Source.cpp(188): warning C4551: function call missing argument list
     1>Source.cpp(193): warning C4551: function call missing argument list
     1>Source.cpp(195): warning C4551: function call missing argument list
     1>Source.cpp(201): warning C4551: function call missing argument list
     1>Source.cpp(203): warning C4551: function call missing argument list
     1>Source.cpp(210): warning C4551: function call missing argument list
     1>Source.cpp(214): warning C4551: function call missing argument list
     1>Source.cpp(221): warning C4551: function call missing argument list
       Link:
         C:\Program Files (x86)\Microsoft Visual Studio 12.0\VC\bin\link.exe /ERRORREPORT:PROMPT /OUT:"C:\Users\Tharun\Documents\Visual Studio 2013\Projects\Assignment_4\Release\Assignment_4.exe" /INCREMENTAL:NO /NOLOGO kernel32.lib user32.lib gdi32.lib winspool.lib comdlg32.lib advapi32.lib shell32.lib ole32.lib oleaut32.lib uuid.lib odbc32.lib odbccp32.lib /MANIFEST /MANIFESTUAC:"level='asInvoker' uiAccess='false'" /manifest:embed /DEBUG /PDB:"C:\Users\Tharun\Documents\Visual Studio 2013\Projects\Assignment_4\Release\Assignment_4.pdb" /SUBSYSTEM:CONSOLE /OPT:REF /OPT:ICF /LTCG /TLBID:1 /DYNAMICBASE /NXCOMPAT /IMPLIB:"C:\Users\Tharun\Documents\Visual Studio 2013\Projects\Assignment_4\Release\Assignment_4.lib" /MACHINE:X86 /SAFESEH Release\Source.obj
         Generating code
         Finished generating code
         Assignment_4.vcxproj -> C:\Users\Tharun\Documents\Visual Studio 2013\Projects\Assignment_4\Release\Assignment_4.exe
     1>Done Building Project "C:\Users\Tharun\Documents\Visual Studio 2013\Projects\Assignment_4\Assignment_4\Assignment_4.vcxproj" (Build target(s)).

Build succeeded.

Time Elapsed 00:00:02.17
